# JRE version: OpenJDK Runtime Environment (21.0.6) (build 21.0.6+-13368085-b895.109)
# Java VM: OpenJDK 64-Bit Server VM (21.0.6+-13368085-b895.109, mixed mode, tiered, compressed oops, compressed class ptrs, g1 gc, windows-amd64)
GC Precious Log:
 CardTable entry size: 512
 Card Set container configuration: InlinePtr #cards 4 size 8 Array Of Cards #cards 16 size 48 Howl #buckets 8 coarsen threshold 3686 Howl Bitmap #cards 512 size 80 coarsen threshold 460 Card regions per heap region 1 cards per card region 4096
 CPUs: 4 total, 4 available
 Memory: 7834M
 Large Page Support: Disabled
 NUMA Support: Disabled
 Compressed Oops: Enabled (Zero based)
 Heap Region Size: 2M
 Heap Min Capacity: 8M
 Heap Initial Capacity: 124M
 Heap Max Capacity: 4G
 Pre-touch: Disabled
 Parallel Workers: 4
 Concurrent Workers: 1
 Concurrent Refinement Workers: 4
 Periodic GC: Disabled
Heap:
 garbage-first heap   total 702464K, used 450237K [0x0000000700000000, 0x0000000800000000)
  region size 2048K, 3 young (6144K), 3 survivors (6144K)
 Metaspace       used 183731K, committed 186432K, reserved 1245184K
  class space    used 24017K, committed 25344K, reserved 1048576K
GC Heap History (20 events):
Event: 69.071 GC heap after
{Heap after GC invocations=77 (full 0):
 garbage-first heap   total 600064K, used 299051K [0x0000000700000000, 0x0000000800000000)
  region size 2048K, 8 young (16384K), 8 survivors (16384K)
 Metaspace       used 178215K, committed 180800K, reserved 1245184K
  class space    used 23420K, committed 24704K, reserved 1048576K
}
Event: 72.462 GC heap before
{Heap before GC invocations=77 (full 0):
 garbage-first heap   total 600064K, used 548907K [0x0000000700000000, 0x0000000800000000)
  region size 2048K, 130 young (266240K), 8 survivors (16384K)
 Metaspace       used 178532K, committed 181184K, reserved 1245184K
  class space    used 23435K, committed 24768K, reserved 1048576K
}
Event: 72.489 GC heap after
{Heap after GC invocations=78 (full 0):
 garbage-first heap   total 600064K, used 301894K [0x0000000700000000, 0x0000000800000000)
  region size 2048K, 9 young (18432K), 9 survivors (18432K)
 Metaspace       used 178532K, committed 181184K, reserved 1245184K
  class space    used 23435K, committed 24768K, reserved 1048576K
}
Event: 75.653 GC heap before
{Heap before GC invocations=79 (full 0):
 garbage-first heap   total 600064K, used 547654K [0x0000000700000000, 0x0000000800000000)
  region size 2048K, 129 young (264192K), 9 survivors (18432K)
 Metaspace       used 178656K, committed 181312K, reserved 1245184K
  class space    used 23450K, committed 24768K, reserved 1048576K
}
Event: 75.686 GC heap after
{Heap after GC invocations=80 (full 0):
 garbage-first heap   total 600064K, used 302660K [0x0000000700000000, 0x0000000800000000)
  region size 2048K, 10 young (20480K), 10 survivors (20480K)
 Metaspace       used 178656K, committed 181312K, reserved 1245184K
  class space    used 23450K, committed 24768K, reserved 1048576K
}
Event: 77.002 GC heap before
{Heap before GC invocations=80 (full 0):
 garbage-first heap   total 600064K, used 544324K [0x0000000700000000, 0x0000000800000000)
  region size 2048K, 128 young (262144K), 10 survivors (20480K)
 Metaspace       used 178695K, committed 181312K, reserved 1245184K
  class space    used 23450K, committed 24768K, reserved 1048576K
}
Event: 77.027 GC heap after
{Heap after GC invocations=81 (full 0):
 garbage-first heap   total 600064K, used 295916K [0x0000000700000000, 0x0000000800000000)
  region size 2048K, 9 young (18432K), 9 survivors (18432K)
 Metaspace       used 178695K, committed 181312K, reserved 1245184K
  class space    used 23450K, committed 24768K, reserved 1048576K
}
Event: 78.499 GC heap before
{Heap before GC invocations=81 (full 0):
 garbage-first heap   total 600064K, used 547820K [0x0000000700000000, 0x0000000800000000)
  region size 2048K, 132 young (270336K), 9 survivors (18432K)
 Metaspace       used 179460K, committed 182144K, reserved 1245184K
  class space    used 23560K, committed 24896K, reserved 1048576K
}
Event: 78.523 GC heap after
{Heap after GC invocations=82 (full 0):
 garbage-first heap   total 600064K, used 302826K [0x0000000700000000, 0x0000000800000000)
  region size 2048K, 12 young (24576K), 12 survivors (24576K)
 Metaspace       used 179460K, committed 182144K, reserved 1245184K
  class space    used 23560K, committed 24896K, reserved 1048576K
}
Event: 80.469 GC heap before
{Heap before GC invocations=83 (full 0):
 garbage-first heap   total 600064K, used 587498K [0x0000000700000000, 0x0000000800000000)
  region size 2048K, 129 young (264192K), 12 survivors (24576K)
 Metaspace       used 180865K, committed 183552K, reserved 1245184K
  class space    used 23718K, committed 25024K, reserved 1048576K
}
Event: 80.542 GC heap after
{Heap after GC invocations=84 (full 0):
 garbage-first heap   total 651264K, used 364173K [0x0000000700000000, 0x0000000800000000)
  region size 2048K, 17 young (34816K), 17 survivors (34816K)
 Metaspace       used 180865K, committed 183552K, reserved 1245184K
  class space    used 23718K, committed 25024K, reserved 1048576K
}
Event: 82.025 GC heap before
{Heap before GC invocations=84 (full 0):
 garbage-first heap   total 651264K, used 583309K [0x0000000700000000, 0x0000000800000000)
  region size 2048K, 125 young (256000K), 17 survivors (34816K)
 Metaspace       used 182213K, committed 184896K, reserved 1245184K
  class space    used 23837K, committed 25152K, reserved 1048576K
}
Event: 82.138 GC heap after
{Heap after GC invocations=85 (full 0):
 garbage-first heap   total 686080K, used 405504K [0x0000000700000000, 0x0000000800000000)
  region size 2048K, 16 young (32768K), 16 survivors (32768K)
 Metaspace       used 182213K, committed 184896K, reserved 1245184K
  class space    used 23837K, committed 25152K, reserved 1048576K
}
Event: 83.361 GC heap before
{Heap before GC invocations=85 (full 0):
 garbage-first heap   total 686080K, used 591872K [0x0000000700000000, 0x0000000800000000)
  region size 2048K, 107 young (219136K), 16 survivors (32768K)
 Metaspace       used 182270K, committed 184896K, reserved 1245184K
  class space    used 23838K, committed 25152K, reserved 1048576K
}
Event: 83.417 GC heap after
{Heap after GC invocations=86 (full 0):
 garbage-first heap   total 686080K, used 417792K [0x0000000700000000, 0x0000000800000000)
  region size 2048K, 6 young (12288K), 6 survivors (12288K)
 Metaspace       used 182270K, committed 184896K, reserved 1245184K
  class space    used 23838K, committed 25152K, reserved 1048576K
}
Event: 85.714 GC heap before
{Heap before GC invocations=87 (full 0):
 garbage-first heap   total 700416K, used 606208K [0x0000000700000000, 0x0000000800000000)
  region size 2048K, 97 young (198656K), 6 survivors (12288K)
 Metaspace       used 182423K, committed 185024K, reserved 1245184K
  class space    used 23852K, committed 25152K, reserved 1048576K
}
Event: 85.757 GC heap after
{Heap after GC invocations=88 (full 0):
 garbage-first heap   total 700416K, used 438272K [0x0000000700000000, 0x0000000800000000)
  region size 2048K, 13 young (26624K), 13 survivors (26624K)
 Metaspace       used 182423K, committed 185024K, reserved 1245184K
  class space    used 23852K, committed 25152K, reserved 1048576K
}
Event: 86.647 GC heap before
{Heap before GC invocations=88 (full 0):
 garbage-first heap   total 700416K, used 645120K [0x0000000700000000, 0x0000000800000000)
  region size 2048K, 104 young (212992K), 13 survivors (26624K)
 Metaspace       used 183703K, committed 186432K, reserved 1245184K
  class space    used 24013K, committed 25344K, reserved 1048576K
}
Event: 86.707 GC heap after
{Heap after GC invocations=89 (full 0):
 garbage-first heap   total 702464K, used 452123K [0x0000000700000000, 0x0000000800000000)
  region size 2048K, 13 young (26624K), 13 survivors (26624K)
 Metaspace       used 183703K, committed 186432K, reserved 1245184K
  class space    used 24013K, committed 25344K, reserved 1048576K
}
Event: 86.961 GC heap before
{Heap before GC invocations=89 (full 0):
 garbage-first heap   total 702464K, used 507419K [0x0000000700000000, 0x0000000800000000)
  region size 2048K, 42 young (86016K), 13 survivors (26624K)
 Metaspace       used 183731K, committed 186432K, reserved 1245184K
  class space    used 24017K, committed 25344K, reserved 1048576K
}

