# JRE version: OpenJDK Runtime Environment (21.0.6) (build 21.0.6+-13368085-b895.109)
# Java VM: OpenJDK 64-Bit Server VM (21.0.6+-13368085-b895.109, mixed mode, tiered, compressed oops, compressed class ptrs, g1 gc, windows-amd64)
GC Precious Log:
 CardTable entry size: 512
 Card Set container configuration: InlinePtr #cards 4 size 8 Array Of Cards #cards 16 size 48 Howl #buckets 8 coarsen threshold 3686 Howl Bitmap #cards 512 size 80 coarsen threshold 460 Card regions per heap region 1 cards per card region 4096
 CPUs: 4 total, 4 available
 Memory: 7834M
 Large Page Support: Disabled
 NUMA Support: Disabled
 Compressed Oops: Enabled (Zero based)
 Heap Region Size: 2M
 Heap Min Capacity: 8M
 Heap Initial Capacity: 124M
 Heap Max Capacity: 4G
 Pre-touch: Disabled
 Parallel Workers: 4
 Concurrent Workers: 1
 Concurrent Refinement Workers: 4
 Periodic GC: Disabled
Heap:
 garbage-first heap   total 759808K, used 308224K [0x0000000700000000, 0x0000000800000000)
  region size 2048K, 10 young (20480K), 10 survivors (20480K)
 Metaspace       used 191000K, committed 193728K, reserved 1245184K
  class space    used 24892K, committed 26240K, reserved 1048576K
GC Heap History (20 events):
Event: 232.864 GC heap after
{Heap after GC invocations=117 (full 0):
 garbage-first heap   total 759808K, used 295027K [0x0000000700000000, 0x0000000800000000)
  region size 2048K, 11 young (22528K), 11 survivors (22528K)
 Metaspace       used 190474K, committed 193216K, reserved 1245184K
  class space    used 24855K, committed 26240K, reserved 1048576K
}
Event: 234.342 GC heap before
{Heap before GC invocations=117 (full 0):
 garbage-first heap   total 759808K, used 694387K [0x0000000700000000, 0x0000000800000000)
  region size 2048K, 206 young (421888K), 11 survivors (22528K)
 Metaspace       used 190509K, committed 193216K, reserved 1245184K
  class space    used 24856K, committed 26240K, reserved 1048576K
}
Event: 234.357 GC heap after
{Heap after GC invocations=118 (full 0):
 garbage-first heap   total 759808K, used 289907K [0x0000000700000000, 0x0000000800000000)
  region size 2048K, 9 young (18432K), 9 survivors (18432K)
 Metaspace       used 190509K, committed 193216K, reserved 1245184K
  class space    used 24856K, committed 26240K, reserved 1048576K
}
Event: 237.539 GC heap before
{Heap before GC invocations=119 (full 0):
 garbage-first heap   total 759808K, used 697459K [0x0000000700000000, 0x0000000800000000)
  region size 2048K, 208 young (425984K), 9 survivors (18432K)
 Metaspace       used 190557K, committed 193280K, reserved 1245184K
  class space    used 24861K, committed 26240K, reserved 1048576K
}
Event: 237.571 GC heap after
{Heap after GC invocations=120 (full 0):
 garbage-first heap   total 759808K, used 301171K [0x0000000700000000, 0x0000000800000000)
  region size 2048K, 14 young (28672K), 14 survivors (28672K)
 Metaspace       used 190557K, committed 193280K, reserved 1245184K
  class space    used 24861K, committed 26240K, reserved 1048576K
}
Event: 240.009 GC heap before
{Heap before GC invocations=120 (full 0):
 garbage-first heap   total 759808K, used 688243K [0x0000000700000000, 0x0000000800000000)
  region size 2048K, 203 young (415744K), 14 survivors (28672K)
 Metaspace       used 190612K, committed 193344K, reserved 1245184K
  class space    used 24865K, committed 26240K, reserved 1048576K
}
Event: 240.046 GC heap after
{Heap after GC invocations=121 (full 0):
 garbage-first heap   total 759808K, used 293057K [0x0000000700000000, 0x0000000800000000)
  region size 2048K, 14 young (28672K), 14 survivors (28672K)
 Metaspace       used 190612K, committed 193344K, reserved 1245184K
  class space    used 24865K, committed 26240K, reserved 1048576K
}
Event: 241.538 GC heap before
{Heap before GC invocations=121 (full 0):
 garbage-first heap   total 759808K, used 688321K [0x0000000700000000, 0x0000000800000000)
  region size 2048K, 207 young (423936K), 14 survivors (28672K)
 Metaspace       used 190683K, committed 193408K, reserved 1245184K
  class space    used 24870K, committed 26240K, reserved 1048576K
}
Event: 241.561 GC heap after
{Heap after GC invocations=122 (full 0):
 garbage-first heap   total 759808K, used 293057K [0x0000000700000000, 0x0000000800000000)
  region size 2048K, 14 young (28672K), 14 survivors (28672K)
 Metaspace       used 190683K, committed 193408K, reserved 1245184K
  class space    used 24870K, committed 26240K, reserved 1048576K
}
Event: 243.500 GC heap before
{Heap before GC invocations=123 (full 0):
 garbage-first heap   total 759808K, used 688321K [0x0000000700000000, 0x0000000800000000)
  region size 2048K, 207 young (423936K), 14 survivors (28672K)
 Metaspace       used 190796K, committed 193536K, reserved 1245184K
  class space    used 24877K, committed 26240K, reserved 1048576K
}
Event: 243.539 GC heap after
{Heap after GC invocations=124 (full 0):
 garbage-first heap   total 759808K, used 302273K [0x0000000700000000, 0x0000000800000000)
  region size 2048K, 19 young (38912K), 19 survivors (38912K)
 Metaspace       used 190796K, committed 193536K, reserved 1245184K
  class space    used 24877K, committed 26240K, reserved 1048576K
}
Event: 244.470 GC heap before
{Heap before GC invocations=124 (full 0):
 garbage-first heap   total 759808K, used 675009K [0x0000000700000000, 0x0000000800000000)
  region size 2048K, 202 young (413696K), 19 survivors (38912K)
 Metaspace       used 190847K, committed 193536K, reserved 1245184K
  class space    used 24878K, committed 26240K, reserved 1048576K
}
Event: 244.525 GC heap after
{Heap after GC invocations=125 (full 0):
 garbage-first heap   total 759808K, used 309248K [0x0000000700000000, 0x0000000800000000)
  region size 2048K, 9 young (18432K), 9 survivors (18432K)
 Metaspace       used 190847K, committed 193536K, reserved 1245184K
  class space    used 24878K, committed 26240K, reserved 1048576K
}
Event: 245.548 GC heap before
{Heap before GC invocations=125 (full 0):
 garbage-first heap   total 759808K, used 698368K [0x0000000700000000, 0x0000000800000000)
  region size 2048K, 199 young (407552K), 9 survivors (18432K)
 Metaspace       used 190974K, committed 193664K, reserved 1245184K
  class space    used 24890K, committed 26240K, reserved 1048576K
}
Event: 245.573 GC heap after
{Heap after GC invocations=126 (full 0):
 garbage-first heap   total 759808K, used 317440K [0x0000000700000000, 0x0000000800000000)
  region size 2048K, 13 young (26624K), 13 survivors (26624K)
 Metaspace       used 190974K, committed 193664K, reserved 1245184K
  class space    used 24890K, committed 26240K, reserved 1048576K
}
Event: 246.687 GC heap before
{Heap before GC invocations=127 (full 0):
 garbage-first heap   total 759808K, used 692224K [0x0000000700000000, 0x0000000800000000)
  region size 2048K, 196 young (401408K), 13 survivors (26624K)
 Metaspace       used 190985K, committed 193664K, reserved 1245184K
  class space    used 24891K, committed 26240K, reserved 1048576K
}
Event: 246.714 GC heap after
{Heap after GC invocations=128 (full 0):
 garbage-first heap   total 759808K, used 320512K [0x0000000700000000, 0x0000000800000000)
  region size 2048K, 15 young (30720K), 15 survivors (30720K)
 Metaspace       used 190985K, committed 193664K, reserved 1245184K
  class space    used 24891K, committed 26240K, reserved 1048576K
}
Event: 247.188 GC heap before
{Heap before GC invocations=128 (full 0):
 garbage-first heap   total 759808K, used 687104K [0x0000000700000000, 0x0000000800000000)
  region size 2048K, 194 young (397312K), 15 survivors (30720K)
 Metaspace       used 190993K, committed 193664K, reserved 1245184K
  class space    used 24891K, committed 26240K, reserved 1048576K
}
Event: 247.216 GC heap after
{Heap after GC invocations=129 (full 0):
 garbage-first heap   total 759808K, used 309248K [0x0000000700000000, 0x0000000800000000)
  region size 2048K, 10 young (20480K), 10 survivors (20480K)
 Metaspace       used 190993K, committed 193664K, reserved 1245184K
  class space    used 24891K, committed 26240K, reserved 1048576K
}
Event: 247.634 GC heap before
{Heap before GC invocations=129 (full 0):
 garbage-first heap   total 759808K, used 698368K [0x0000000700000000, 0x0000000800000000)
  region size 2048K, 200 young (409600K), 10 survivors (20480K)
 Metaspace       used 191000K, committed 193728K, reserved 1245184K
  class space    used 24892K, committed 26240K, reserved 1048576K
}

